{
  "numFailedTestSuites": 0,
  "numFailedTests": 0,
  "numPassedTestSuites": 1,
  "numPassedTests": 1,
  "numPendingTestSuites": 0,
  "numPendingTests": 0,
  "numRuntimeErrorTestSuites": 0,
  "numTodoTests": 0,
  "numTotalTestSuites": 1,
  "numTotalTests": 1,
  "openHandles": [],
  "snapshot": {
    "added": 0,
    "didUpdate": false,
    "failure": false,
    "filesAdded": 0,
    "filesRemoved": 0,
    "filesUnmatched": 0,
    "filesUpdated": 0,
    "matched": 0,
    "total": 0,
    "unchecked": 0,
    "uncheckedKeysByFile": [],
    "unmatched": 0,
    "updated": 0
  },
  "startTime": 1554618492228,
  "success": true,
  "testResults": [
    {
      "assertionResults": [
        {
          "ancestorTitles": ["<Scrim />"],
          "failureMessages": [],
          "fullName": "<Scrim /> renders without exploding",
          "location": null,
          "status": "passed",
          "title": "renders without exploding"
        }
      ],
      "endTime": 1554618493826,
      "message": "",
      "name": "/Users/elanhant/work/jeeves/packages/side-sheet/src/__tests__/Scrim.test.tsx",
      "startTime": 1554618493260,
      "status": "passed",
      "summary": ""
    }
  ],
  "wasInterrupted": false
}
