{
  "numFailedTestSuites": 1,
  "numFailedTests": 0,
  "numPassedTestSuites": 0,
  "numPassedTests": 0,
  "numPendingTestSuites": 0,
  "numPendingTests": 0,
  "numRuntimeErrorTestSuites": 1,
  "numTodoTests": 0,
  "numTotalTestSuites": 1,
  "numTotalTests": 0,
  "openHandles": [],
  "snapshot": {
    "added": 0,
    "didUpdate": false,
    "failure": false,
    "filesAdded": 0,
    "filesRemoved": 0,
    "filesUnmatched": 0,
    "filesUpdated": 0,
    "matched": 0,
    "total": 0,
    "unchecked": 0,
    "uncheckedKeysByFile": [],
    "unmatched": 0,
    "updated": 0
  },
  "startTime": 1554611189163,
  "success": false,
  "testResults": [
    {
      "assertionResults": [],
      "coverage": {},
      "endTime": 1554611190941,
      "message": "  ● Test suite failed to run\n\n    Cannot find module '@emotion/babel-preset-css-prop' from '/Users/elanhant/work/jeeves'\n\n      at Function.module.exports [as sync] (node_modules/resolve/lib/sync.js:58:15)\n          at Array.map (<anonymous>)\n",
      "name": "/Users/elanhant/work/jeeves/packages/side-sheet/src/__tests__/Scrim.test.tsx",
      "startTime": 1554611190941,
      "status": "failed",
      "summary": ""
    }
  ],
  "wasInterrupted": false
}
